2023/02/04 04:17:01 main init.
2023/02/04 04:17:01 Hello AceServer!
2023/02/04 04:17:01 
2023/02/04 04:17:44 main init.
2023/02/04 04:17:44 Hello AceServer!
2023/02/04 04:17:44 :0
2023/02/04 04:18:12 main init.
2023/02/04 04:18:12 Hello AceServer!
2023/02/04 04:18:12 :50010
2023/02/04 04:18:40 main init.
2023/02/04 04:18:40 Hello AceServer!
2023/02/04 04:22:25 main init.
2023/02/04 04:22:25 Hello AceServer!
2023/02/04 04:23:10 main init.
2023/02/04 04:23:10 Hello AceServer!
2023/02/04 04:23:23 Start MakeEnable.
2023/02/04 04:23:50 main init.
2023/02/04 04:23:50 Hello AceServer!
2023/02/04 04:23:54 Start MakeEnable.
2023/02/10 01:01:59 main init.
2023/02/10 01:01:59 Hello AceServer!
2023/02/10 01:02:07 main init.
2023/02/10 01:02:07 Hello AceServer!
2023/02/10 01:04:30 [controllers] Start MakeEnable.
2023/02/10 01:04:30 [models] Start MakeEnable.
2023/02/10 01:04:30 [models] s.length: 0
2023/02/10 01:04:30 [controllers] makeEnable Success.
2023/02/10 01:04:42 [controllers] Start MakeEnable.
2023/02/10 01:04:42 [models] Start MakeEnable.
2023/02/10 01:04:42 [models] s.length: 3
2023/02/10 01:04:42 [controllers] makeEnable Success.
2023/02/10 01:04:58 [controllers] Start MakeEnable.
2023/02/10 01:04:58 [models] Start MakeEnable.
2023/02/10 01:04:58 [models] s.length: 24
2023/02/10 01:04:58 [controllers] makeEnable Success.
